{"C:\\Users\\johny.MAW\\Documents\\minrva\\test\\app\\controllers\\v1\\contacts\\contacts-controller.js":{"path":"C:\\Users\\johny.MAW\\Documents\\minrva\\test\\app\\controllers\\v1\\contacts\\contacts-controller.js","s":{"1":1,"2":1,"3":2,"4":1,"5":1,"6":1},"b":{},"f":{"1":1,"2":2},"fnMap":{"1":{"name":"ContactsController","line":2,"loc":{"start":{"line":2,"column":0},"end":{"line":2,"column":30}}},"2":{"name":"get","line":5,"loc":{"start":{"line":5,"column":0},"end":{"line":5,"column":29}}}},"statementMap":{"1":{"start":{"line":2,"column":0},"end":{"line":3,"column":1}},"2":{"start":{"line":5,"column":0},"end":{"line":7,"column":1}},"3":{"start":{"line":6,"column":2},"end":{"line":6,"column":43}},"4":{"start":{"line":9,"column":0},"end":{"line":11,"column":2}},"5":{"start":{"line":13,"column":0},"end":{"line":13,"column":50}},"6":{"start":{"line":15,"column":0},"end":{"line":15,"column":36}}},"branchMap":{}},"C:\\Users\\johny.MAW\\Documents\\minrva\\test\\app\\repositories\\contacts\\contacts-repository.js":{"path":"C:\\Users\\johny.MAW\\Documents\\minrva\\test\\app\\repositories\\contacts\\contacts-repository.js","s":{"1":1,"2":1,"3":0,"4":1,"5":1,"6":1},"b":{},"f":{"1":1,"2":0},"fnMap":{"1":{"name":"ContactsRepository","line":2,"loc":{"start":{"line":2,"column":0},"end":{"line":2,"column":30}}},"2":{"name":"getContactsData","line":5,"loc":{"start":{"line":5,"column":0},"end":{"line":5,"column":29}}}},"statementMap":{"1":{"start":{"line":2,"column":0},"end":{"line":3,"column":1}},"2":{"start":{"line":5,"column":0},"end":{"line":7,"column":1}},"3":{"start":{"line":6,"column":2},"end":{"line":6,"column":20}},"4":{"start":{"line":9,"column":0},"end":{"line":11,"column":2}},"5":{"start":{"line":13,"column":0},"end":{"line":13,"column":50}},"6":{"start":{"line":15,"column":0},"end":{"line":15,"column":36}}},"branchMap":{}}}