TN:
SF:C:\Users\johny.MAW\Documents\minrva\test\app\controllers\v1\contacts\contacts-controller.js
FN:2,ContactsController
FN:5,get
FNF:2
FNH:2
FNDA:1,ContactsController
FNDA:2,get
DA:2,1
DA:5,1
DA:6,2
DA:9,1
DA:13,1
DA:15,1
LF:6
LH:6
BRF:0
BRH:0
end_of_record
TN:
SF:C:\Users\johny.MAW\Documents\minrva\test\app\repositories\contacts\contacts-repository.js
FN:2,ContactsRepository
FN:5,getContactsData
FNF:2
FNH:1
FNDA:1,ContactsRepository
FNDA:0,getContactsData
DA:2,1
DA:5,1
DA:6,0
DA:9,1
DA:13,1
DA:15,1
LF:6
LH:5
BRF:0
BRH:0
end_of_record
